[0.067s] DEBUG:colcon:Command line arguments: ['/usr/bin/colcon', 'build']
[0.067s] DEBUG:colcon:Parsed command line arguments: Namespace(log_base=None, log_level=None, verb_name='build', build_base='build', install_base='install', merge_install=False, symlink_install=False, test_result_base=None, continue_on_error=False, executor='parallel', parallel_workers=22, event_handlers=None, ignore_user_meta=False, metas=['./colcon.meta'], base_paths=['.'], packages_ignore=None, packages_ignore_regex=None, paths=None, packages_up_to=None, packages_up_to_regex=None, packages_above=None, packages_above_and_dependencies=None, packages_above_depth=None, packages_select_by_dep=None, packages_skip_by_dep=None, packages_skip_up_to=None, packages_select_build_failed=False, packages_skip_build_finished=False, packages_select_test_failures=False, packages_skip_test_passed=False, packages_select=None, packages_skip=None, packages_select_regex=None, packages_skip_regex=None, packages_start=None, packages_end=None, cmake_args=None, cmake_target=None, cmake_target_skip_unavailable=False, cmake_clean_cache=False, cmake_clean_first=False, cmake_force_configure=False, ament_cmake_args=None, catkin_cmake_args=None, catkin_skip_building_tests=False, mixin_files=None, mixin=None, verb_parser=<colcon_mixin.mixin.mixin_argument.MixinArgumentDecorator object at 0x75147f7381c0>, verb_extension=<colcon_core.verb.build.BuildVerb object at 0x75147f703a90>, main=<bound method BuildVerb.main of <colcon_core.verb.build.BuildVerb object at 0x75147f703a90>>, mixin_verb=('build',))
[0.161s] Level 1:colcon.colcon_core.package_discovery:discover_packages(colcon_meta) check parameters
[0.161s] Level 1:colcon.colcon_core.package_discovery:discover_packages(recursive) check parameters
[0.161s] Level 1:colcon.colcon_core.package_discovery:discover_packages(ignore) check parameters
[0.161s] Level 1:colcon.colcon_core.package_discovery:discover_packages(path) check parameters
[0.161s] Level 1:colcon.colcon_core.package_discovery:discover_packages(colcon_meta) discover
[0.161s] Level 1:colcon.colcon_core.package_discovery:discover_packages(recursive) discover
[0.161s] INFO:colcon.colcon_core.package_discovery:Crawling recursively for packages in '/home/appuser/sky'
[0.161s] Level 1:colcon.colcon_core.package_identification:_identify(.) by extensions ['ignore', 'ignore_ament_install']
[0.161s] Level 1:colcon.colcon_core.package_identification:_identify(.) by extension 'ignore'
[0.161s] Level 1:colcon.colcon_core.package_identification:_identify(.) by extension 'ignore_ament_install'
[0.161s] Level 1:colcon.colcon_core.package_identification:_identify(.) by extensions ['colcon_pkg']
[0.161s] Level 1:colcon.colcon_core.package_identification:_identify(.) by extension 'colcon_pkg'
[0.161s] Level 1:colcon.colcon_core.package_identification:_identify(.) by extensions ['colcon_meta']
[0.161s] Level 1:colcon.colcon_core.package_identification:_identify(.) by extension 'colcon_meta'
[0.161s] Level 1:colcon.colcon_core.package_identification:_identify(.) by extensions ['ros']
[0.161s] Level 1:colcon.colcon_core.package_identification:_identify(.) by extension 'ros'
[0.170s] Level 1:colcon.colcon_core.package_identification:_identify(.) by extensions ['cmake', 'python']
[0.170s] Level 1:colcon.colcon_core.package_identification:_identify(.) by extension 'cmake'
[0.170s] Level 1:colcon.colcon_core.package_identification:_identify(.) by extension 'python'
[0.171s] Level 1:colcon.colcon_core.package_identification:_identify(.) by extensions ['python_setup_py']
[0.171s] Level 1:colcon.colcon_core.package_identification:_identify(.) by extension 'python_setup_py'
[0.305s] ERROR:colcon.colcon_core.package_identification:Exception in package identification extension 'python_setup_py' in '.': Command '['/usr/bin/python3', '-c', 'import sys;from contextlib import suppress;exec("with suppress(ImportError):    from setuptools.extern.packaging.specifiers    import SpecifierSet");exec("with suppress(ImportError):    from packaging.specifiers import SpecifierSet");from distutils.core import run_setup;dist = run_setup(    \'setup.py\', script_args=(\'--dry-run\',), stop_after=\'config\');skip_keys = (\'cmdclass\', \'distclass\', \'ext_modules\', \'metadata\');data = {    key: value for key, value in dist.__dict__.items()     if (        not key.startswith(\'_\') and         not callable(value) and         key not in skip_keys and         key not in dist.display_option_names    )};data[\'metadata\'] = {    k: v for k, v in dist.metadata.__dict__.items()     if k not in (\'license_files\', \'provides_extras\')};sys.stdout.buffer.write(repr(data).encode(\'utf-8\'))']' returned non-zero exit status 1.
Traceback (most recent call last):
  File "/usr/lib/python3/dist-packages/colcon_core/package_identification/__init__.py", line 144, in _identify
    retval = extension.identify(_reused_descriptor_instance)
  File "/usr/lib/python3/dist-packages/colcon_python_setup_py/package_identification/python_setup_py.py", line 48, in identify
    config = get_setup_information(setup_py)
  File "/usr/lib/python3/dist-packages/colcon_python_setup_py/package_identification/python_setup_py.py", line 249, in get_setup_information
    _setup_information_cache[hashable_env] = _get_setup_information(
  File "/usr/lib/python3/dist-packages/colcon_python_setup_py/package_identification/python_setup_py.py", line 296, in _get_setup_information
    result = subprocess.run(
  File "/usr/lib/python3.10/subprocess.py", line 526, in run
    raise CalledProcessError(retcode, process.args,
subprocess.CalledProcessError: Command '['/usr/bin/python3', '-c', 'import sys;from contextlib import suppress;exec("with suppress(ImportError):    from setuptools.extern.packaging.specifiers    import SpecifierSet");exec("with suppress(ImportError):    from packaging.specifiers import SpecifierSet");from distutils.core import run_setup;dist = run_setup(    \'setup.py\', script_args=(\'--dry-run\',), stop_after=\'config\');skip_keys = (\'cmdclass\', \'distclass\', \'ext_modules\', \'metadata\');data = {    key: value for key, value in dist.__dict__.items()     if (        not key.startswith(\'_\') and         not callable(value) and         key not in skip_keys and         key not in dist.display_option_names    )};data[\'metadata\'] = {    k: v for k, v in dist.metadata.__dict__.items()     if k not in (\'license_files\', \'provides_extras\')};sys.stdout.buffer.write(repr(data).encode(\'utf-8\'))']' returned non-zero exit status 1.

[0.305s] Level 1:colcon.colcon_core.package_identification:_identify(PX4-Autopilot) by extensions ['ignore', 'ignore_ament_install']
[0.305s] Level 1:colcon.colcon_core.package_identification:_identify(PX4-Autopilot) by extension 'ignore'
[0.305s] Level 1:colcon.colcon_core.package_identification:_identify(PX4-Autopilot) by extension 'ignore_ament_install'
[0.305s] Level 1:colcon.colcon_core.package_identification:_identify(PX4-Autopilot) by extensions ['colcon_pkg']
[0.305s] Level 1:colcon.colcon_core.package_identification:_identify(PX4-Autopilot) by extension 'colcon_pkg'
[0.305s] Level 1:colcon.colcon_core.package_identification:_identify(PX4-Autopilot) by extensions ['colcon_meta']
[0.305s] Level 1:colcon.colcon_core.package_identification:_identify(PX4-Autopilot) by extension 'colcon_meta'
[0.305s] Level 1:colcon.colcon_core.package_identification:_identify(PX4-Autopilot) by extensions ['ros']
[0.305s] Level 1:colcon.colcon_core.package_identification:_identify(PX4-Autopilot) by extension 'ros'
[0.307s] DEBUG:colcon.colcon_core.package_identification:Package 'PX4-Autopilot' with type 'ros.ament_cmake' and name 'px4'
[0.307s] Level 1:colcon.colcon_core.package_identification:_identify(build) by extensions ['ignore', 'ignore_ament_install']
[0.307s] Level 1:colcon.colcon_core.package_identification:_identify(build) by extension 'ignore'
[0.307s] Level 1:colcon.colcon_core.package_identification:_identify(build) ignored
[0.307s] Level 1:colcon.colcon_core.package_identification:_identify(install) by extensions ['ignore', 'ignore_ament_install']
[0.307s] Level 1:colcon.colcon_core.package_identification:_identify(install) by extension 'ignore'
[0.307s] Level 1:colcon.colcon_core.package_identification:_identify(install) ignored
[0.307s] Level 1:colcon.colcon_core.package_identification:_identify(log) by extensions ['ignore', 'ignore_ament_install']
[0.307s] Level 1:colcon.colcon_core.package_identification:_identify(log) by extension 'ignore'
[0.307s] Level 1:colcon.colcon_core.package_identification:_identify(log) ignored
[0.307s] Level 1:colcon.colcon_core.package_identification:_identify(src) by extensions ['ignore', 'ignore_ament_install']
[0.308s] Level 1:colcon.colcon_core.package_identification:_identify(src) by extension 'ignore'
[0.308s] Level 1:colcon.colcon_core.package_identification:_identify(src) by extension 'ignore_ament_install'
[0.308s] Level 1:colcon.colcon_core.package_identification:_identify(src) by extensions ['colcon_pkg']
[0.308s] Level 1:colcon.colcon_core.package_identification:_identify(src) by extension 'colcon_pkg'
[0.308s] Level 1:colcon.colcon_core.package_identification:_identify(src) by extensions ['colcon_meta']
[0.308s] Level 1:colcon.colcon_core.package_identification:_identify(src) by extension 'colcon_meta'
[0.308s] Level 1:colcon.colcon_core.package_identification:_identify(src) by extensions ['ros']
[0.308s] Level 1:colcon.colcon_core.package_identification:_identify(src) by extension 'ros'
[0.308s] Level 1:colcon.colcon_core.package_identification:_identify(src) by extensions ['cmake', 'python']
[0.308s] Level 1:colcon.colcon_core.package_identification:_identify(src) by extension 'cmake'
[0.308s] Level 1:colcon.colcon_core.package_identification:_identify(src) by extension 'python'
[0.308s] Level 1:colcon.colcon_core.package_identification:_identify(src) by extensions ['python_setup_py']
[0.308s] Level 1:colcon.colcon_core.package_identification:_identify(src) by extension 'python_setup_py'
[0.308s] Level 1:colcon.colcon_core.package_identification:_identify(src/offboard_control) by extensions ['ignore', 'ignore_ament_install']
[0.308s] Level 1:colcon.colcon_core.package_identification:_identify(src/offboard_control) by extension 'ignore'
[0.308s] Level 1:colcon.colcon_core.package_identification:_identify(src/offboard_control) by extension 'ignore_ament_install'
[0.308s] Level 1:colcon.colcon_core.package_identification:_identify(src/offboard_control) by extensions ['colcon_pkg']
[0.308s] Level 1:colcon.colcon_core.package_identification:_identify(src/offboard_control) by extension 'colcon_pkg'
[0.308s] Level 1:colcon.colcon_core.package_identification:_identify(src/offboard_control) by extensions ['colcon_meta']
[0.308s] Level 1:colcon.colcon_core.package_identification:_identify(src/offboard_control) by extension 'colcon_meta'
[0.308s] Level 1:colcon.colcon_core.package_identification:_identify(src/offboard_control) by extensions ['ros']
[0.308s] Level 1:colcon.colcon_core.package_identification:_identify(src/offboard_control) by extension 'ros'
[0.309s] DEBUG:colcon.colcon_core.package_identification:Package 'src/offboard_control' with type 'ros.ament_python' and name 'offboard_control'
[0.309s] Level 1:colcon.colcon_core.package_identification:_identify(src/px4_msgs) by extensions ['ignore', 'ignore_ament_install']
[0.309s] Level 1:colcon.colcon_core.package_identification:_identify(src/px4_msgs) by extension 'ignore'
[0.309s] Level 1:colcon.colcon_core.package_identification:_identify(src/px4_msgs) by extension 'ignore_ament_install'
[0.309s] Level 1:colcon.colcon_core.package_identification:_identify(src/px4_msgs) by extensions ['colcon_pkg']
[0.309s] Level 1:colcon.colcon_core.package_identification:_identify(src/px4_msgs) by extension 'colcon_pkg'
[0.309s] Level 1:colcon.colcon_core.package_identification:_identify(src/px4_msgs) by extensions ['colcon_meta']
[0.309s] Level 1:colcon.colcon_core.package_identification:_identify(src/px4_msgs) by extension 'colcon_meta'
[0.309s] Level 1:colcon.colcon_core.package_identification:_identify(src/px4_msgs) by extensions ['ros']
[0.309s] Level 1:colcon.colcon_core.package_identification:_identify(src/px4_msgs) by extension 'ros'
[0.309s] DEBUG:colcon.colcon_core.package_identification:Package 'src/px4_msgs' with type 'ros.ament_cmake' and name 'px4_msgs'
[0.309s] Level 1:colcon.colcon_core.package_discovery:discover_packages(recursive) using defaults
[0.309s] Level 1:colcon.colcon_core.package_discovery:discover_packages(ignore) discover
[0.309s] Level 1:colcon.colcon_core.package_discovery:discover_packages(ignore) using defaults
[0.309s] Level 1:colcon.colcon_core.package_discovery:discover_packages(path) discover
[0.309s] Level 1:colcon.colcon_core.package_discovery:discover_packages(path) using defaults
[0.323s] Level 5:colcon.colcon_core.verb:set package 'px4' build argument 'cmake_args' from command line to 'None'
[0.323s] Level 5:colcon.colcon_core.verb:set package 'px4' build argument 'cmake_target' from command line to 'None'
[0.323s] Level 5:colcon.colcon_core.verb:set package 'px4' build argument 'cmake_target_skip_unavailable' from command line to 'False'
[0.323s] Level 5:colcon.colcon_core.verb:set package 'px4' build argument 'cmake_clean_cache' from command line to 'False'
[0.323s] Level 5:colcon.colcon_core.verb:set package 'px4' build argument 'cmake_clean_first' from command line to 'False'
[0.323s] Level 5:colcon.colcon_core.verb:set package 'px4' build argument 'cmake_force_configure' from command line to 'False'
[0.323s] Level 5:colcon.colcon_core.verb:set package 'px4' build argument 'ament_cmake_args' from command line to 'None'
[0.323s] Level 5:colcon.colcon_core.verb:set package 'px4' build argument 'catkin_cmake_args' from command line to 'None'
[0.323s] Level 5:colcon.colcon_core.verb:set package 'px4' build argument 'catkin_skip_building_tests' from command line to 'False'
[0.323s] DEBUG:colcon.colcon_core.verb:Building package 'px4' with the following arguments: {'ament_cmake_args': None, 'build_base': '/home/appuser/sky/build/px4', 'catkin_cmake_args': None, 'catkin_skip_building_tests': False, 'cmake_args': None, 'cmake_clean_cache': False, 'cmake_clean_first': False, 'cmake_force_configure': False, 'cmake_target': None, 'cmake_target_skip_unavailable': False, 'install_base': '/home/appuser/sky/install/px4', 'merge_install': False, 'path': '/home/appuser/sky/PX4-Autopilot', 'symlink_install': False, 'test_result_base': None}
[0.323s] Level 5:colcon.colcon_core.verb:set package 'px4_msgs' build argument 'cmake_args' from command line to 'None'
[0.323s] Level 5:colcon.colcon_core.verb:set package 'px4_msgs' build argument 'cmake_target' from command line to 'None'
[0.323s] Level 5:colcon.colcon_core.verb:set package 'px4_msgs' build argument 'cmake_target_skip_unavailable' from command line to 'False'
[0.323s] Level 5:colcon.colcon_core.verb:set package 'px4_msgs' build argument 'cmake_clean_cache' from command line to 'False'
[0.323s] Level 5:colcon.colcon_core.verb:set package 'px4_msgs' build argument 'cmake_clean_first' from command line to 'False'
[0.323s] Level 5:colcon.colcon_core.verb:set package 'px4_msgs' build argument 'cmake_force_configure' from command line to 'False'
[0.323s] Level 5:colcon.colcon_core.verb:set package 'px4_msgs' build argument 'ament_cmake_args' from command line to 'None'
[0.323s] Level 5:colcon.colcon_core.verb:set package 'px4_msgs' build argument 'catkin_cmake_args' from command line to 'None'
[0.323s] Level 5:colcon.colcon_core.verb:set package 'px4_msgs' build argument 'catkin_skip_building_tests' from command line to 'False'
[0.323s] DEBUG:colcon.colcon_core.verb:Building package 'px4_msgs' with the following arguments: {'ament_cmake_args': None, 'build_base': '/home/appuser/sky/build/px4_msgs', 'catkin_cmake_args': None, 'catkin_skip_building_tests': False, 'cmake_args': None, 'cmake_clean_cache': False, 'cmake_clean_first': False, 'cmake_force_configure': False, 'cmake_target': None, 'cmake_target_skip_unavailable': False, 'install_base': '/home/appuser/sky/install/px4_msgs', 'merge_install': False, 'path': '/home/appuser/sky/src/px4_msgs', 'symlink_install': False, 'test_result_base': None}
[0.323s] Level 5:colcon.colcon_core.verb:set package 'offboard_control' build argument 'cmake_args' from command line to 'None'
[0.323s] Level 5:colcon.colcon_core.verb:set package 'offboard_control' build argument 'cmake_target' from command line to 'None'
[0.323s] Level 5:colcon.colcon_core.verb:set package 'offboard_control' build argument 'cmake_target_skip_unavailable' from command line to 'False'
[0.323s] Level 5:colcon.colcon_core.verb:set package 'offboard_control' build argument 'cmake_clean_cache' from command line to 'False'
[0.323s] Level 5:colcon.colcon_core.verb:set package 'offboard_control' build argument 'cmake_clean_first' from command line to 'False'
[0.323s] Level 5:colcon.colcon_core.verb:set package 'offboard_control' build argument 'cmake_force_configure' from command line to 'False'
[0.323s] Level 5:colcon.colcon_core.verb:set package 'offboard_control' build argument 'ament_cmake_args' from command line to 'None'
[0.323s] Level 5:colcon.colcon_core.verb:set package 'offboard_control' build argument 'catkin_cmake_args' from command line to 'None'
[0.323s] Level 5:colcon.colcon_core.verb:set package 'offboard_control' build argument 'catkin_skip_building_tests' from command line to 'False'
[0.323s] DEBUG:colcon.colcon_core.verb:Building package 'offboard_control' with the following arguments: {'ament_cmake_args': None, 'build_base': '/home/appuser/sky/build/offboard_control', 'catkin_cmake_args': None, 'catkin_skip_building_tests': False, 'cmake_args': None, 'cmake_clean_cache': False, 'cmake_clean_first': False, 'cmake_force_configure': False, 'cmake_target': None, 'cmake_target_skip_unavailable': False, 'install_base': '/home/appuser/sky/install/offboard_control', 'merge_install': False, 'path': '/home/appuser/sky/src/offboard_control', 'symlink_install': False, 'test_result_base': None}
[0.323s] INFO:colcon.colcon_core.executor:Executing jobs using 'parallel' executor
[0.324s] DEBUG:colcon.colcon_parallel_executor.executor.parallel:run_until_complete
[0.324s] INFO:colcon.colcon_ros.task.ament_cmake.build:Building ROS package in '/home/appuser/sky/src/px4_msgs' with build type 'ament_cmake'
[0.325s] INFO:colcon.colcon_cmake.task.cmake.build:Building CMake package in '/home/appuser/sky/src/px4_msgs'
[0.326s] INFO:colcon.colcon_core.plugin_system:Skipping extension 'colcon_core.shell.bat': Not used on non-Windows systems
[0.326s] INFO:colcon.colcon_core.shell:Skip shell extension 'powershell' for command environment: Not usable outside of PowerShell
[0.326s] DEBUG:colcon.colcon_core.shell:Skip shell extension 'dsv' for command environment
[0.327s] WARNING:colcon.colcon_ros.prefix_path.ament:The path '/home/appuser/sky/install/offboard_control' in the environment variable AMENT_PREFIX_PATH doesn't exist
[0.327s] WARNING:colcon.colcon_ros.prefix_path.ament:The path '/home/appuser/sky/install/px4_msgs' in the environment variable AMENT_PREFIX_PATH doesn't exist
[0.327s] WARNING:colcon.colcon_ros.prefix_path.catkin:The path '/home/appuser/sky/install/px4_msgs' in the environment variable CMAKE_PREFIX_PATH doesn't exist
[0.329s] INFO:colcon.colcon_ros.task.ament_cmake.build:Building ROS package in '/home/appuser/sky/PX4-Autopilot' with build type 'ament_cmake'
[0.330s] INFO:colcon.colcon_cmake.task.cmake.build:Building CMake package in '/home/appuser/sky/PX4-Autopilot'
[0.330s] INFO:colcon.colcon_core.shell:Skip shell extension 'powershell' for command environment: Not usable outside of PowerShell
[0.330s] DEBUG:colcon.colcon_core.shell:Skip shell extension 'dsv' for command environment
[0.333s] DEBUG:colcon.colcon_core.event_handler.log_command:Invoking command in '/home/appuser/sky/build/px4_msgs': CMAKE_PREFIX_PATH=${CMAKE_PREFIX_PATH}:/home/appuser/sky/install/offboard_control:/opt/ros/humble /usr/bin/cmake /home/appuser/sky/src/px4_msgs -DCMAKE_INSTALL_PREFIX=/home/appuser/sky/install/px4_msgs
[0.335s] DEBUG:colcon.colcon_core.event_handler.log_command:Invoking command in '/home/appuser/sky/build/px4': CMAKE_PREFIX_PATH=${CMAKE_PREFIX_PATH}:/home/appuser/sky/install/offboard_control:/opt/ros/humble /usr/bin/cmake /home/appuser/sky/PX4-Autopilot -DCMAKE_INSTALL_PREFIX=/home/appuser/sky/install/px4
[2.969s] DEBUG:colcon.colcon_core.event_handler.log_command:Invoked command in '/home/appuser/sky/build/px4_msgs' returned '0': CMAKE_PREFIX_PATH=${CMAKE_PREFIX_PATH}:/home/appuser/sky/install/offboard_control:/opt/ros/humble /usr/bin/cmake /home/appuser/sky/src/px4_msgs -DCMAKE_INSTALL_PREFIX=/home/appuser/sky/install/px4_msgs
[2.970s] DEBUG:colcon.colcon_core.event_handler.log_command:Invoking command in '/home/appuser/sky/build/px4_msgs': CMAKE_PREFIX_PATH=${CMAKE_PREFIX_PATH}:/home/appuser/sky/install/offboard_control:/opt/ros/humble /usr/bin/cmake --build /home/appuser/sky/build/px4_msgs -- -j22 -l22
[5.825s] DEBUG:colcon.colcon_core.event_handler.log_command:Invoked command in '/home/appuser/sky/build/px4' returned '0': CMAKE_PREFIX_PATH=${CMAKE_PREFIX_PATH}:/home/appuser/sky/install/offboard_control:/opt/ros/humble /usr/bin/cmake /home/appuser/sky/PX4-Autopilot -DCMAKE_INSTALL_PREFIX=/home/appuser/sky/install/px4
[5.827s] DEBUG:colcon.colcon_core.event_handler.log_command:Invoking command in '/home/appuser/sky/build/px4': CMAKE_PREFIX_PATH=${CMAKE_PREFIX_PATH}:/home/appuser/sky/install/offboard_control:/opt/ros/humble /usr/bin/cmake --build /home/appuser/sky/build/px4 -- -j22 -l22
[218.481s] DEBUG:colcon.colcon_core.event_handler.log_command:Invoked command in '/home/appuser/sky/build/px4' returned '0': CMAKE_PREFIX_PATH=${CMAKE_PREFIX_PATH}:/home/appuser/sky/install/offboard_control:/opt/ros/humble /usr/bin/cmake --build /home/appuser/sky/build/px4 -- -j22 -l22
[218.492s] DEBUG:colcon.colcon_core.event_handler.log_command:Invoking command in '/home/appuser/sky/build/px4': CMAKE_PREFIX_PATH=${CMAKE_PREFIX_PATH}:/home/appuser/sky/install/offboard_control:/opt/ros/humble /usr/bin/cmake --install /home/appuser/sky/build/px4
[219.269s] Level 1:colcon.colcon_core.environment:create_environment_scripts_only(px4)
[219.270s] DEBUG:colcon.colcon_core.event_handler.log_command:Invoked command in '/home/appuser/sky/build/px4' returned '0': CMAKE_PREFIX_PATH=${CMAKE_PREFIX_PATH}:/home/appuser/sky/install/offboard_control:/opt/ros/humble /usr/bin/cmake --install /home/appuser/sky/build/px4
[219.271s] Level 1:colcon.colcon_core.environment:checking '/home/appuser/sky/install/px4' for CMake module files
[219.271s] Level 1:colcon.colcon_core.environment:checking '/home/appuser/sky/install/px4' for CMake config files
[219.271s] Level 1:colcon.colcon_core.shell:create_environment_hook('px4', 'cmake_prefix_path')
[219.272s] INFO:colcon.colcon_core.shell:Creating environment hook '/home/appuser/sky/install/px4/share/px4/hook/cmake_prefix_path.ps1'
[219.272s] INFO:colcon.colcon_core.shell:Creating environment descriptor '/home/appuser/sky/install/px4/share/px4/hook/cmake_prefix_path.dsv'
[219.272s] INFO:colcon.colcon_core.shell:Creating environment hook '/home/appuser/sky/install/px4/share/px4/hook/cmake_prefix_path.sh'
[219.273s] Level 1:colcon.colcon_core.environment:checking '/home/appuser/sky/install/px4/lib'
[219.273s] Level 1:colcon.colcon_core.shell:create_environment_hook('px4', 'ld_library_path_lib')
[219.273s] INFO:colcon.colcon_core.shell:Creating environment hook '/home/appuser/sky/install/px4/share/px4/hook/ld_library_path_lib.ps1'
[219.273s] INFO:colcon.colcon_core.shell:Creating environment descriptor '/home/appuser/sky/install/px4/share/px4/hook/ld_library_path_lib.dsv'
[219.273s] INFO:colcon.colcon_core.shell:Creating environment hook '/home/appuser/sky/install/px4/share/px4/hook/ld_library_path_lib.sh'
[219.274s] Level 1:colcon.colcon_core.environment:checking '/home/appuser/sky/install/px4/bin'
[219.274s] Level 1:colcon.colcon_core.environment:checking '/home/appuser/sky/install/px4/lib/pkgconfig/px4.pc'
[219.275s] Level 1:colcon.colcon_core.environment:checking '/home/appuser/sky/install/px4/lib/python3.10/site-packages'
[219.275s] Level 1:colcon.colcon_core.environment:checking '/home/appuser/sky/install/px4/bin'
[219.275s] INFO:colcon.colcon_core.shell:Creating package script '/home/appuser/sky/install/px4/share/px4/package.ps1'
[219.276s] INFO:colcon.colcon_core.shell:Creating package descriptor '/home/appuser/sky/install/px4/share/px4/package.dsv'
[219.277s] INFO:colcon.colcon_core.shell:Creating package script '/home/appuser/sky/install/px4/share/px4/package.sh'
[219.277s] INFO:colcon.colcon_core.shell:Creating package script '/home/appuser/sky/install/px4/share/px4/package.bash'
[219.278s] INFO:colcon.colcon_core.shell:Creating package script '/home/appuser/sky/install/px4/share/px4/package.zsh'
[219.286s] Level 1:colcon.colcon_core.environment:create_file_with_runtime_dependencies(/home/appuser/sky/install/px4/share/colcon-core/packages/px4)
[219.287s] Level 1:colcon.colcon_core.environment:create_environment_scripts_only(px4)
[219.288s] Level 1:colcon.colcon_core.environment:checking '/home/appuser/sky/install/px4' for CMake module files
[219.288s] Level 1:colcon.colcon_core.environment:checking '/home/appuser/sky/install/px4' for CMake config files
[219.288s] Level 1:colcon.colcon_core.shell:create_environment_hook('px4', 'cmake_prefix_path')
[219.288s] INFO:colcon.colcon_core.shell:Creating environment hook '/home/appuser/sky/install/px4/share/px4/hook/cmake_prefix_path.ps1'
[219.288s] INFO:colcon.colcon_core.shell:Creating environment descriptor '/home/appuser/sky/install/px4/share/px4/hook/cmake_prefix_path.dsv'
[219.289s] INFO:colcon.colcon_core.shell:Creating environment hook '/home/appuser/sky/install/px4/share/px4/hook/cmake_prefix_path.sh'
[219.289s] Level 1:colcon.colcon_core.environment:checking '/home/appuser/sky/install/px4/lib'
[219.289s] Level 1:colcon.colcon_core.shell:create_environment_hook('px4', 'ld_library_path_lib')
[219.289s] INFO:colcon.colcon_core.shell:Creating environment hook '/home/appuser/sky/install/px4/share/px4/hook/ld_library_path_lib.ps1'
[219.290s] INFO:colcon.colcon_core.shell:Creating environment descriptor '/home/appuser/sky/install/px4/share/px4/hook/ld_library_path_lib.dsv'
[219.290s] INFO:colcon.colcon_core.shell:Creating environment hook '/home/appuser/sky/install/px4/share/px4/hook/ld_library_path_lib.sh'
[219.290s] Level 1:colcon.colcon_core.environment:checking '/home/appuser/sky/install/px4/bin'
[219.290s] Level 1:colcon.colcon_core.environment:checking '/home/appuser/sky/install/px4/lib/pkgconfig/px4.pc'
[219.290s] Level 1:colcon.colcon_core.environment:checking '/home/appuser/sky/install/px4/lib/python3.10/site-packages'
[219.290s] Level 1:colcon.colcon_core.environment:checking '/home/appuser/sky/install/px4/bin'
[219.291s] INFO:colcon.colcon_core.shell:Creating package script '/home/appuser/sky/install/px4/share/px4/package.ps1'
[219.291s] INFO:colcon.colcon_core.shell:Creating package descriptor '/home/appuser/sky/install/px4/share/px4/package.dsv'
[219.291s] INFO:colcon.colcon_core.shell:Creating package script '/home/appuser/sky/install/px4/share/px4/package.sh'
[219.292s] INFO:colcon.colcon_core.shell:Creating package script '/home/appuser/sky/install/px4/share/px4/package.bash'
[219.292s] INFO:colcon.colcon_core.shell:Creating package script '/home/appuser/sky/install/px4/share/px4/package.zsh'
[219.292s] Level 1:colcon.colcon_core.environment:create_file_with_runtime_dependencies(/home/appuser/sky/install/px4/share/colcon-core/packages/px4)
[239.955s] DEBUG:colcon.colcon_core.event_handler.log_command:Invoked command in '/home/appuser/sky/build/px4_msgs' returned '0': CMAKE_PREFIX_PATH=${CMAKE_PREFIX_PATH}:/home/appuser/sky/install/offboard_control:/opt/ros/humble /usr/bin/cmake --build /home/appuser/sky/build/px4_msgs -- -j22 -l22
[239.956s] DEBUG:colcon.colcon_core.event_handler.log_command:Invoking command in '/home/appuser/sky/build/px4_msgs': CMAKE_PREFIX_PATH=${CMAKE_PREFIX_PATH}:/home/appuser/sky/install/offboard_control:/opt/ros/humble /usr/bin/cmake --install /home/appuser/sky/build/px4_msgs
[240.832s] Level 1:colcon.colcon_core.environment:create_environment_scripts_only(px4_msgs)
[240.832s] Level 1:colcon.colcon_core.environment:checking '/home/appuser/sky/install/px4_msgs' for CMake module files
[240.833s] DEBUG:colcon.colcon_core.event_handler.log_command:Invoked command in '/home/appuser/sky/build/px4_msgs' returned '0': CMAKE_PREFIX_PATH=${CMAKE_PREFIX_PATH}:/home/appuser/sky/install/offboard_control:/opt/ros/humble /usr/bin/cmake --install /home/appuser/sky/build/px4_msgs
[240.833s] Level 1:colcon.colcon_core.environment:checking '/home/appuser/sky/install/px4_msgs' for CMake config files
[240.834s] Level 1:colcon.colcon_core.shell:create_environment_hook('px4_msgs', 'cmake_prefix_path')
[240.834s] INFO:colcon.colcon_core.shell:Creating environment hook '/home/appuser/sky/install/px4_msgs/share/px4_msgs/hook/cmake_prefix_path.ps1'
[240.834s] INFO:colcon.colcon_core.shell:Creating environment descriptor '/home/appuser/sky/install/px4_msgs/share/px4_msgs/hook/cmake_prefix_path.dsv'
[240.835s] INFO:colcon.colcon_core.shell:Creating environment hook '/home/appuser/sky/install/px4_msgs/share/px4_msgs/hook/cmake_prefix_path.sh'
[240.835s] Level 1:colcon.colcon_core.environment:checking '/home/appuser/sky/install/px4_msgs/lib'
[240.835s] Level 1:colcon.colcon_core.shell:create_environment_hook('px4_msgs', 'ld_library_path_lib')
[240.835s] INFO:colcon.colcon_core.shell:Creating environment hook '/home/appuser/sky/install/px4_msgs/share/px4_msgs/hook/ld_library_path_lib.ps1'
[240.835s] INFO:colcon.colcon_core.shell:Creating environment descriptor '/home/appuser/sky/install/px4_msgs/share/px4_msgs/hook/ld_library_path_lib.dsv'
[240.835s] INFO:colcon.colcon_core.shell:Creating environment hook '/home/appuser/sky/install/px4_msgs/share/px4_msgs/hook/ld_library_path_lib.sh'
[240.836s] Level 1:colcon.colcon_core.environment:checking '/home/appuser/sky/install/px4_msgs/bin'
[240.836s] Level 1:colcon.colcon_core.environment:checking '/home/appuser/sky/install/px4_msgs/lib/pkgconfig/px4_msgs.pc'
[240.836s] Level 1:colcon.colcon_core.environment:checking '/home/appuser/sky/install/px4_msgs/lib/python3.10/site-packages'
[240.836s] Level 1:colcon.colcon_core.environment:checking '/home/appuser/sky/install/px4_msgs/bin'
[240.836s] INFO:colcon.colcon_core.shell:Creating package script '/home/appuser/sky/install/px4_msgs/share/px4_msgs/package.ps1'
[240.837s] INFO:colcon.colcon_core.shell:Creating package descriptor '/home/appuser/sky/install/px4_msgs/share/px4_msgs/package.dsv'
[240.837s] INFO:colcon.colcon_core.shell:Creating package script '/home/appuser/sky/install/px4_msgs/share/px4_msgs/package.sh'
[240.837s] INFO:colcon.colcon_core.shell:Creating package script '/home/appuser/sky/install/px4_msgs/share/px4_msgs/package.bash'
[240.837s] INFO:colcon.colcon_core.shell:Creating package script '/home/appuser/sky/install/px4_msgs/share/px4_msgs/package.zsh'
[240.838s] Level 1:colcon.colcon_core.environment:create_file_with_runtime_dependencies(/home/appuser/sky/install/px4_msgs/share/colcon-core/packages/px4_msgs)
[240.838s] Level 1:colcon.colcon_core.environment:create_environment_scripts_only(px4_msgs)
[240.838s] Level 1:colcon.colcon_core.environment:checking '/home/appuser/sky/install/px4_msgs' for CMake module files
[240.839s] Level 1:colcon.colcon_core.environment:checking '/home/appuser/sky/install/px4_msgs' for CMake config files
[240.839s] Level 1:colcon.colcon_core.shell:create_environment_hook('px4_msgs', 'cmake_prefix_path')
[240.839s] INFO:colcon.colcon_core.shell:Creating environment hook '/home/appuser/sky/install/px4_msgs/share/px4_msgs/hook/cmake_prefix_path.ps1'
[240.839s] INFO:colcon.colcon_core.shell:Creating environment descriptor '/home/appuser/sky/install/px4_msgs/share/px4_msgs/hook/cmake_prefix_path.dsv'
[240.839s] INFO:colcon.colcon_core.shell:Creating environment hook '/home/appuser/sky/install/px4_msgs/share/px4_msgs/hook/cmake_prefix_path.sh'
[240.840s] Level 1:colcon.colcon_core.environment:checking '/home/appuser/sky/install/px4_msgs/lib'
[240.840s] Level 1:colcon.colcon_core.shell:create_environment_hook('px4_msgs', 'ld_library_path_lib')
[240.840s] INFO:colcon.colcon_core.shell:Creating environment hook '/home/appuser/sky/install/px4_msgs/share/px4_msgs/hook/ld_library_path_lib.ps1'
[240.840s] INFO:colcon.colcon_core.shell:Creating environment descriptor '/home/appuser/sky/install/px4_msgs/share/px4_msgs/hook/ld_library_path_lib.dsv'
[240.840s] INFO:colcon.colcon_core.shell:Creating environment hook '/home/appuser/sky/install/px4_msgs/share/px4_msgs/hook/ld_library_path_lib.sh'
[240.841s] Level 1:colcon.colcon_core.environment:checking '/home/appuser/sky/install/px4_msgs/bin'
[240.841s] Level 1:colcon.colcon_core.environment:checking '/home/appuser/sky/install/px4_msgs/lib/pkgconfig/px4_msgs.pc'
[240.841s] Level 1:colcon.colcon_core.environment:checking '/home/appuser/sky/install/px4_msgs/lib/python3.10/site-packages'
[240.841s] Level 1:colcon.colcon_core.environment:checking '/home/appuser/sky/install/px4_msgs/bin'
[240.841s] INFO:colcon.colcon_core.shell:Creating package script '/home/appuser/sky/install/px4_msgs/share/px4_msgs/package.ps1'
[240.842s] INFO:colcon.colcon_core.shell:Creating package descriptor '/home/appuser/sky/install/px4_msgs/share/px4_msgs/package.dsv'
[240.842s] INFO:colcon.colcon_core.shell:Creating package script '/home/appuser/sky/install/px4_msgs/share/px4_msgs/package.sh'
[240.842s] INFO:colcon.colcon_core.shell:Creating package script '/home/appuser/sky/install/px4_msgs/share/px4_msgs/package.bash'
[240.843s] INFO:colcon.colcon_core.shell:Creating package script '/home/appuser/sky/install/px4_msgs/share/px4_msgs/package.zsh'
[240.843s] Level 1:colcon.colcon_core.environment:create_file_with_runtime_dependencies(/home/appuser/sky/install/px4_msgs/share/colcon-core/packages/px4_msgs)
[240.843s] INFO:colcon.colcon_ros.task.ament_python.build:Building ROS package in '/home/appuser/sky/src/offboard_control' with build type 'ament_python'
[240.844s] Level 1:colcon.colcon_core.shell:create_environment_hook('offboard_control', 'ament_prefix_path')
[240.844s] INFO:colcon.colcon_core.shell:Creating environment hook '/home/appuser/sky/install/offboard_control/share/offboard_control/hook/ament_prefix_path.ps1'
[240.844s] INFO:colcon.colcon_core.shell:Creating environment descriptor '/home/appuser/sky/install/offboard_control/share/offboard_control/hook/ament_prefix_path.dsv'
[240.845s] INFO:colcon.colcon_core.shell:Creating environment hook '/home/appuser/sky/install/offboard_control/share/offboard_control/hook/ament_prefix_path.sh'
[240.845s] INFO:colcon.colcon_core.shell:Skip shell extension 'powershell' for command environment: Not usable outside of PowerShell
[240.845s] DEBUG:colcon.colcon_core.shell:Skip shell extension 'dsv' for command environment
[241.017s] INFO:colcon.colcon_core.task.python.build:Building Python package in '/home/appuser/sky/src/offboard_control'
[241.017s] INFO:colcon.colcon_core.shell:Skip shell extension 'powershell' for command environment: Not usable outside of PowerShell
[241.017s] DEBUG:colcon.colcon_core.shell:Skip shell extension 'dsv' for command environment
[241.241s] DEBUG:colcon.colcon_core.event_handler.log_command:Invoking command in '/home/appuser/sky/src/offboard_control': PYTHONPATH=/home/appuser/sky/build/offboard_control/prefix_override:/usr/lib/python3/dist-packages/colcon_core/task/python/colcon_distutils_commands:/home/appuser/sky/install/offboard_control/lib/python3.10/site-packages:${PYTHONPATH} /usr/bin/python3 -W ignore:setup.py install is deprecated -W ignore:easy_install command is deprecated setup.py egg_info --egg-base ../../build/offboard_control build --build-base /home/appuser/sky/build/offboard_control/build install --record /home/appuser/sky/build/offboard_control/install.log --single-version-externally-managed install_data
[241.467s] Level 1:colcon.colcon_core.environment:checking '/home/appuser/sky/install/offboard_control' for CMake module files
[241.468s] DEBUG:colcon.colcon_core.event_handler.log_command:Invoked command in '/home/appuser/sky/src/offboard_control' returned '0': PYTHONPATH=/home/appuser/sky/build/offboard_control/prefix_override:/usr/lib/python3/dist-packages/colcon_core/task/python/colcon_distutils_commands:/home/appuser/sky/install/offboard_control/lib/python3.10/site-packages:${PYTHONPATH} /usr/bin/python3 -W ignore:setup.py install is deprecated -W ignore:easy_install command is deprecated setup.py egg_info --egg-base ../../build/offboard_control build --build-base /home/appuser/sky/build/offboard_control/build install --record /home/appuser/sky/build/offboard_control/install.log --single-version-externally-managed install_data
[241.468s] Level 1:colcon.colcon_core.environment:checking '/home/appuser/sky/install/offboard_control' for CMake config files
[241.468s] Level 1:colcon.colcon_core.environment:checking '/home/appuser/sky/install/offboard_control/lib'
[241.468s] Level 1:colcon.colcon_core.environment:checking '/home/appuser/sky/install/offboard_control/bin'
[241.468s] Level 1:colcon.colcon_core.environment:checking '/home/appuser/sky/install/offboard_control/lib/pkgconfig/offboard_control.pc'
[241.469s] Level 1:colcon.colcon_core.environment:checking '/home/appuser/sky/install/offboard_control/lib/python3.10/site-packages'
[241.469s] Level 1:colcon.colcon_core.shell:create_environment_hook('offboard_control', 'pythonpath')
[241.469s] INFO:colcon.colcon_core.shell:Creating environment hook '/home/appuser/sky/install/offboard_control/share/offboard_control/hook/pythonpath.ps1'
[241.469s] INFO:colcon.colcon_core.shell:Creating environment descriptor '/home/appuser/sky/install/offboard_control/share/offboard_control/hook/pythonpath.dsv'
[241.469s] INFO:colcon.colcon_core.shell:Creating environment hook '/home/appuser/sky/install/offboard_control/share/offboard_control/hook/pythonpath.sh'
[241.470s] Level 1:colcon.colcon_core.environment:checking '/home/appuser/sky/install/offboard_control/bin'
[241.470s] Level 1:colcon.colcon_core.environment:create_environment_scripts_only(offboard_control)
[241.470s] INFO:colcon.colcon_core.shell:Creating package script '/home/appuser/sky/install/offboard_control/share/offboard_control/package.ps1'
[241.470s] INFO:colcon.colcon_core.shell:Creating package descriptor '/home/appuser/sky/install/offboard_control/share/offboard_control/package.dsv'
[241.471s] INFO:colcon.colcon_core.shell:Creating package script '/home/appuser/sky/install/offboard_control/share/offboard_control/package.sh'
[241.471s] INFO:colcon.colcon_core.shell:Creating package script '/home/appuser/sky/install/offboard_control/share/offboard_control/package.bash'
[241.471s] INFO:colcon.colcon_core.shell:Creating package script '/home/appuser/sky/install/offboard_control/share/offboard_control/package.zsh'
[241.471s] Level 1:colcon.colcon_core.environment:create_file_with_runtime_dependencies(/home/appuser/sky/install/offboard_control/share/colcon-core/packages/offboard_control)
[241.471s] DEBUG:colcon.colcon_parallel_executor.executor.parallel:closing loop
[241.472s] DEBUG:colcon.colcon_parallel_executor.executor.parallel:loop closed
[241.472s] DEBUG:colcon.colcon_parallel_executor.executor.parallel:run_until_complete finished with '0'
[241.472s] DEBUG:colcon.colcon_core.event_reactor:joining thread
[241.483s] INFO:colcon.colcon_core.plugin_system:Skipping extension 'colcon_notification.desktop_notification.notify_send': Could not find 'notify-send'
[241.483s] INFO:colcon.colcon_core.plugin_system:Skipping extension 'colcon_notification.desktop_notification.terminal_notifier': Not used on non-Darwin systems
[241.483s] INFO:colcon.colcon_core.plugin_system:Skipping extension 'colcon_notification.desktop_notification.win32': Not used on non-Windows systems
[241.483s] INFO:colcon.colcon_notification.desktop_notification:Sending desktop notification using 'notify2'
[241.483s] DEBUG:colcon.colcon_notification.desktop_notification.notify2:Failed to initialize notify2: org.freedesktop.DBus.Error.NotSupported: Unable to autolaunch a dbus-daemon without a $DISPLAY for X11
[241.483s] DEBUG:colcon.colcon_core.event_reactor:joined thread
[241.483s] INFO:colcon.colcon_core.shell:Creating prefix script '/home/appuser/sky/install/local_setup.ps1'
[241.484s] INFO:colcon.colcon_core.shell:Creating prefix util module '/home/appuser/sky/install/_local_setup_util_ps1.py'
[241.484s] INFO:colcon.colcon_core.shell:Creating prefix chain script '/home/appuser/sky/install/setup.ps1'
[241.485s] INFO:colcon.colcon_core.shell:Creating prefix script '/home/appuser/sky/install/local_setup.sh'
[241.486s] INFO:colcon.colcon_core.shell:Creating prefix util module '/home/appuser/sky/install/_local_setup_util_sh.py'
[241.486s] INFO:colcon.colcon_core.shell:Creating prefix chain script '/home/appuser/sky/install/setup.sh'
[241.487s] INFO:colcon.colcon_core.shell:Creating prefix script '/home/appuser/sky/install/local_setup.bash'
[241.487s] INFO:colcon.colcon_core.shell:Creating prefix chain script '/home/appuser/sky/install/setup.bash'
[241.488s] INFO:colcon.colcon_core.shell:Creating prefix script '/home/appuser/sky/install/local_setup.zsh'
[241.488s] INFO:colcon.colcon_core.shell:Creating prefix chain script '/home/appuser/sky/install/setup.zsh'
